{"name":"hexo","hostname":"AppledeMacBook-Pro.local","pid":1537,"level":20,"msg":"Hexo version: \u001b[35m3.2.2\u001b[39m","time":"2016-09-30T16:37:28.654Z","v":0}
{"name":"hexo","hostname":"AppledeMacBook-Pro.local","pid":1537,"level":20,"msg":"Working directory: \u001b[35m~/Documents/hexo/\u001b[39m","time":"2016-09-30T16:37:28.657Z","v":0}
{"name":"hexo","hostname":"AppledeMacBook-Pro.local","pid":1537,"level":20,"msg":"Config loaded: \u001b[35m~/Documents/hexo/_config.yml\u001b[39m","time":"2016-09-30T16:37:28.740Z","v":0}
{"name":"hexo","hostname":"AppledeMacBook-Pro.local","pid":1537,"level":20,"msg":"Plugin loaded: \u001b[35mhexo-deployer-git\u001b[39m","time":"2016-09-30T16:37:28.752Z","v":0}
{"name":"hexo","hostname":"AppledeMacBook-Pro.local","pid":1537,"level":20,"msg":"Plugin loaded: \u001b[35mhexo-generator-archive\u001b[39m","time":"2016-09-30T16:37:28.755Z","v":0}
{"name":"hexo","hostname":"AppledeMacBook-Pro.local","pid":1537,"level":20,"msg":"Plugin loaded: \u001b[35mhexo-generator-category\u001b[39m","time":"2016-09-30T16:37:28.757Z","v":0}
{"name":"hexo","hostname":"AppledeMacBook-Pro.local","pid":1537,"level":20,"msg":"Plugin loaded: \u001b[35mhexo-generator-tag\u001b[39m","time":"2016-09-30T16:37:28.758Z","v":0}
{"name":"hexo","hostname":"AppledeMacBook-Pro.local","pid":1537,"level":20,"msg":"Plugin loaded: \u001b[35mhexo-generator-index\u001b[39m","time":"2016-09-30T16:37:28.759Z","v":0}
{"name":"hexo","hostname":"AppledeMacBook-Pro.local","pid":1537,"level":20,"msg":"Plugin loaded: \u001b[35mhexo-renderer-ejs\u001b[39m","time":"2016-09-30T16:37:28.761Z","v":0}
{"name":"hexo","hostname":"AppledeMacBook-Pro.local","pid":1537,"level":20,"msg":"Plugin loaded: \u001b[35mhexo-renderer-marked\u001b[39m","time":"2016-09-30T16:37:28.766Z","v":0}
{"name":"hexo","hostname":"AppledeMacBook-Pro.local","pid":1537,"level":20,"msg":"Plugin loaded: \u001b[35mhexo-renderer-stylus\u001b[39m","time":"2016-09-30T16:37:28.768Z","v":0}
{"name":"hexo","hostname":"AppledeMacBook-Pro.local","pid":1537,"level":20,"msg":"Plugin loaded: \u001b[35mhexo-server\u001b[39m","time":"2016-09-30T16:37:28.816Z","v":0}
{"name":"hexo","hostname":"AppledeMacBook-Pro.local","pid":1537,"level":20,"msg":"Script loaded: \u001b[35mthemes/next/scripts/merge-configs.js\u001b[39m","time":"2016-09-30T16:37:28.817Z","v":0}
{"name":"hexo","hostname":"AppledeMacBook-Pro.local","pid":1537,"level":20,"msg":"Script loaded: \u001b[35mthemes/next/scripts/tags/center-quote.js\u001b[39m","time":"2016-09-30T16:37:28.817Z","v":0}
{"name":"hexo","hostname":"AppledeMacBook-Pro.local","pid":1537,"level":20,"msg":"Script loaded: \u001b[35mthemes/next/scripts/tags/group-pictures.js\u001b[39m","time":"2016-09-30T16:37:28.818Z","v":0}
{"name":"hexo","hostname":"AppledeMacBook-Pro.local","pid":1537,"level":20,"msg":"Script loaded: \u001b[35mthemes/next/scripts/tags/full-image.js\u001b[39m","time":"2016-09-30T16:37:28.819Z","v":0}
{"name":"hexo","hostname":"AppledeMacBook-Pro.local","pid":1537,"level":20,"msg":"Loading database.","time":"2016-09-30T16:37:28.826Z","v":0}
{"name":"hexo","hostname":"AppledeMacBook-Pro.local","pid":1537,"level":30,"msg":"Start processing","time":"2016-09-30T16:37:28.833Z","v":0}
{"name":"hexo","hostname":"AppledeMacBook-Pro.local","pid":1537,"level":20,"msg":"Theme config loaded.","time":"2016-09-30T16:37:28.945Z","v":0}
{"name":"hexo","hostname":"AppledeMacBook-Pro.local","pid":1537,"level":20,"msg":"Processed: \u001b[35m_config.yml\u001b[39m","time":"2016-09-30T16:37:28.946Z","v":0}
{"name":"hexo","hostname":"AppledeMacBook-Pro.local","pid":1537,"level":20,"msg":"Processed: \u001b[35msource/css/main.styl\u001b[39m","time":"2016-09-30T16:37:28.960Z","v":0}
{"name":"hexo","hostname":"AppledeMacBook-Pro.local","pid":1537,"level":20,"msg":"Processed: \u001b[35msource/images/avatar.gif\u001b[39m","time":"2016-09-30T16:37:28.961Z","v":0}
{"name":"hexo","hostname":"AppledeMacBook-Pro.local","pid":1537,"level":20,"msg":"Processed: \u001b[35msource/images/cc-by-nc-nd.svg\u001b[39m","time":"2016-09-30T16:37:28.961Z","v":0}
{"name":"hexo","hostname":"AppledeMacBook-Pro.local","pid":1537,"level":20,"msg":"Processed: \u001b[35msource/images/cc-by-nc-sa.svg\u001b[39m","time":"2016-09-30T16:37:28.962Z","v":0}
{"name":"hexo","hostname":"AppledeMacBook-Pro.local","pid":1537,"level":20,"msg":"Processed: \u001b[35msource/images/cc-by-nc.svg\u001b[39m","time":"2016-09-30T16:37:28.962Z","v":0}
{"name":"hexo","hostname":"AppledeMacBook-Pro.local","pid":1537,"level":20,"msg":"Processed: \u001b[35msource/images/cc-by-nd.svg\u001b[39m","time":"2016-09-30T16:37:28.962Z","v":0}
{"name":"hexo","hostname":"AppledeMacBook-Pro.local","pid":1537,"level":20,"msg":"Processed: \u001b[35msource/images/cc-by-sa.svg\u001b[39m","time":"2016-09-30T16:37:28.963Z","v":0}
{"name":"hexo","hostname":"AppledeMacBook-Pro.local","pid":1537,"level":20,"msg":"Processed: \u001b[35msource/images/cc-by.svg\u001b[39m","time":"2016-09-30T16:37:28.963Z","v":0}
{"name":"hexo","hostname":"AppledeMacBook-Pro.local","pid":1537,"level":20,"msg":"Processed: \u001b[35msource/images/loading.gif\u001b[39m","time":"2016-09-30T16:37:28.964Z","v":0}
{"name":"hexo","hostname":"AppledeMacBook-Pro.local","pid":1537,"level":20,"msg":"Processed: \u001b[35msource/images/cc-zero.svg\u001b[39m","time":"2016-09-30T16:37:28.964Z","v":0}
{"name":"hexo","hostname":"AppledeMacBook-Pro.local","pid":1537,"level":20,"msg":"Processed: \u001b[35msource/images/placeholder.gif\u001b[39m","time":"2016-09-30T16:37:28.965Z","v":0}
{"name":"hexo","hostname":"AppledeMacBook-Pro.local","pid":1537,"level":20,"msg":"Processed: \u001b[35msource/images/quote-l.svg\u001b[39m","time":"2016-09-30T16:37:28.965Z","v":0}
{"name":"hexo","hostname":"AppledeMacBook-Pro.local","pid":1537,"level":20,"msg":"Processed: \u001b[35msource/images/quote-r.svg\u001b[39m","time":"2016-09-30T16:37:28.966Z","v":0}
{"name":"hexo","hostname":"AppledeMacBook-Pro.local","pid":1537,"level":20,"msg":"Processed: \u001b[35msource/images/searchicon.png\u001b[39m","time":"2016-09-30T16:37:28.966Z","v":0}
{"name":"hexo","hostname":"AppledeMacBook-Pro.local","pid":1537,"level":20,"msg":"Processed: \u001b[35mlayout/_layout.swig\u001b[39m","time":"2016-09-30T16:37:29.089Z","v":0}
{"name":"hexo","hostname":"AppledeMacBook-Pro.local","pid":1537,"level":20,"msg":"Processed: \u001b[35mlayout/category.swig\u001b[39m","time":"2016-09-30T16:37:29.089Z","v":0}
{"name":"hexo","hostname":"AppledeMacBook-Pro.local","pid":1537,"level":20,"msg":"Processed: \u001b[35mlayout/archive.swig\u001b[39m","time":"2016-09-30T16:37:29.090Z","v":0}
{"name":"hexo","hostname":"AppledeMacBook-Pro.local","pid":1537,"level":20,"msg":"Processed: \u001b[35mlayout/index.swig\u001b[39m","time":"2016-09-30T16:37:29.090Z","v":0}
{"name":"hexo","hostname":"AppledeMacBook-Pro.local","pid":1537,"level":20,"msg":"Processed: \u001b[35mlayout/page.swig\u001b[39m","time":"2016-09-30T16:37:29.090Z","v":0}
{"name":"hexo","hostname":"AppledeMacBook-Pro.local","pid":1537,"level":20,"msg":"Processed: \u001b[35mlayout/post.swig\u001b[39m","time":"2016-09-30T16:37:29.090Z","v":0}
{"name":"hexo","hostname":"AppledeMacBook-Pro.local","pid":1537,"level":20,"msg":"Processed: \u001b[35mlayout/tag.swig\u001b[39m","time":"2016-09-30T16:37:29.090Z","v":0}
{"name":"hexo","hostname":"AppledeMacBook-Pro.local","pid":1537,"level":20,"msg":"Processed: \u001b[35m_posts/firstBlog.md\u001b[39m","time":"2016-09-30T16:37:29.109Z","v":0}
{"name":"hexo","hostname":"AppledeMacBook-Pro.local","pid":1537,"level":20,"msg":"Processed: \u001b[35mlanguages/de.yml\u001b[39m","time":"2016-09-30T16:37:29.110Z","v":0}
{"name":"hexo","hostname":"AppledeMacBook-Pro.local","pid":1537,"level":20,"msg":"Processed: \u001b[35mlanguages/default.yml\u001b[39m","time":"2016-09-30T16:37:29.110Z","v":0}
{"name":"hexo","hostname":"AppledeMacBook-Pro.local","pid":1537,"level":20,"msg":"Processed: \u001b[35mlanguages/en.yml\u001b[39m","time":"2016-09-30T16:37:29.110Z","v":0}
{"name":"hexo","hostname":"AppledeMacBook-Pro.local","pid":1537,"level":20,"msg":"Processed: \u001b[35mlanguages/fr-FR.yml\u001b[39m","time":"2016-09-30T16:37:29.111Z","v":0}
{"name":"hexo","hostname":"AppledeMacBook-Pro.local","pid":1537,"level":20,"msg":"Processed: \u001b[35mlanguages/id.yml\u001b[39m","time":"2016-09-30T16:37:29.111Z","v":0}
{"name":"hexo","hostname":"AppledeMacBook-Pro.local","pid":1537,"level":20,"msg":"Processed: \u001b[35mlanguages/ja.yml\u001b[39m","time":"2016-09-30T16:37:29.111Z","v":0}
{"name":"hexo","hostname":"AppledeMacBook-Pro.local","pid":1537,"level":20,"msg":"Processed: \u001b[35mlanguages/ko.yml\u001b[39m","time":"2016-09-30T16:37:29.111Z","v":0}
{"name":"hexo","hostname":"AppledeMacBook-Pro.local","pid":1537,"level":20,"msg":"Processed: \u001b[35mlanguages/pt-BR.yml\u001b[39m","time":"2016-09-30T16:37:29.111Z","v":0}
{"name":"hexo","hostname":"AppledeMacBook-Pro.local","pid":1537,"level":20,"msg":"Processed: \u001b[35mlanguages/pt.yml\u001b[39m","time":"2016-09-30T16:37:29.111Z","v":0}
{"name":"hexo","hostname":"AppledeMacBook-Pro.local","pid":1537,"level":20,"msg":"Processed: \u001b[35mlanguages/zh-Hans.yml\u001b[39m","time":"2016-09-30T16:37:29.111Z","v":0}
{"name":"hexo","hostname":"AppledeMacBook-Pro.local","pid":1537,"level":20,"msg":"Processed: \u001b[35mlanguages/ru.yml\u001b[39m","time":"2016-09-30T16:37:29.111Z","v":0}
{"name":"hexo","hostname":"AppledeMacBook-Pro.local","pid":1537,"level":20,"msg":"Processed: \u001b[35mlanguages/zh-hk.yml\u001b[39m","time":"2016-09-30T16:37:29.111Z","v":0}
{"name":"hexo","hostname":"AppledeMacBook-Pro.local","pid":1537,"level":20,"msg":"Processed: \u001b[35mlanguages/zh-tw.yml\u001b[39m","time":"2016-09-30T16:37:29.111Z","v":0}
{"name":"hexo","hostname":"AppledeMacBook-Pro.local","pid":1537,"level":20,"msg":"Processed: \u001b[35msource/js/src/affix.js\u001b[39m","time":"2016-09-30T16:37:29.150Z","v":0}
{"name":"hexo","hostname":"AppledeMacBook-Pro.local","pid":1537,"level":20,"msg":"Processed: \u001b[35msource/js/src/bootstrap.js\u001b[39m","time":"2016-09-30T16:37:29.150Z","v":0}
{"name":"hexo","hostname":"AppledeMacBook-Pro.local","pid":1537,"level":20,"msg":"Processed: \u001b[35msource/js/src/hook-duoshuo.js\u001b[39m","time":"2016-09-30T16:37:29.150Z","v":0}
{"name":"hexo","hostname":"AppledeMacBook-Pro.local","pid":1537,"level":20,"msg":"Processed: \u001b[35msource/js/src/motion.js\u001b[39m","time":"2016-09-30T16:37:29.151Z","v":0}
{"name":"hexo","hostname":"AppledeMacBook-Pro.local","pid":1537,"level":20,"msg":"Processed: \u001b[35msource/js/src/post-details.js\u001b[39m","time":"2016-09-30T16:37:29.151Z","v":0}
{"name":"hexo","hostname":"AppledeMacBook-Pro.local","pid":1537,"level":20,"msg":"Processed: \u001b[35msource/js/src/scrollspy.js\u001b[39m","time":"2016-09-30T16:37:29.152Z","v":0}
{"name":"hexo","hostname":"AppledeMacBook-Pro.local","pid":1537,"level":20,"msg":"Processed: \u001b[35msource/js/src/utils.js\u001b[39m","time":"2016-09-30T16:37:29.153Z","v":0}
{"name":"hexo","hostname":"AppledeMacBook-Pro.local","pid":1537,"level":20,"msg":"Processed: \u001b[35msource/vendors/fastclick/LICENSE\u001b[39m","time":"2016-09-30T16:37:29.154Z","v":0}
{"name":"hexo","hostname":"AppledeMacBook-Pro.local","pid":1537,"level":20,"msg":"Processed: \u001b[35msource/vendors/fastclick/README.md\u001b[39m","time":"2016-09-30T16:37:29.155Z","v":0}
{"name":"hexo","hostname":"AppledeMacBook-Pro.local","pid":1537,"level":20,"msg":"Processed: \u001b[35msource/vendors/fastclick/bower.json\u001b[39m","time":"2016-09-30T16:37:29.155Z","v":0}
{"name":"hexo","hostname":"AppledeMacBook-Pro.local","pid":1537,"level":20,"msg":"Processed: \u001b[35msource/vendors/font-awesome/HELP-US-OUT.txt\u001b[39m","time":"2016-09-30T16:37:29.156Z","v":0}
{"name":"hexo","hostname":"AppledeMacBook-Pro.local","pid":1537,"level":20,"msg":"Processed: \u001b[35msource/vendors/font-awesome/bower.json\u001b[39m","time":"2016-09-30T16:37:29.157Z","v":0}
{"name":"hexo","hostname":"AppledeMacBook-Pro.local","pid":1537,"level":20,"msg":"Processed: \u001b[35msource/vendors/jquery_lazyload/CONTRIBUTING.md\u001b[39m","time":"2016-09-30T16:37:29.157Z","v":0}
{"name":"hexo","hostname":"AppledeMacBook-Pro.local","pid":1537,"level":20,"msg":"Processed: \u001b[35msource/vendors/jquery_lazyload/README.md\u001b[39m","time":"2016-09-30T16:37:29.158Z","v":0}
{"name":"hexo","hostname":"AppledeMacBook-Pro.local","pid":1537,"level":20,"msg":"Processed: \u001b[35msource/vendors/jquery_lazyload/bower.json\u001b[39m","time":"2016-09-30T16:37:29.158Z","v":0}
{"name":"hexo","hostname":"AppledeMacBook-Pro.local","pid":1537,"level":20,"msg":"Processed: \u001b[35msource/vendors/jquery_lazyload/jquery.lazyload.js\u001b[39m","time":"2016-09-30T16:37:29.158Z","v":0}
{"name":"hexo","hostname":"AppledeMacBook-Pro.local","pid":1537,"level":20,"msg":"Processed: \u001b[35msource/vendors/jquery_lazyload/jquery.scrollstop.js\u001b[39m","time":"2016-09-30T16:37:29.159Z","v":0}
{"name":"hexo","hostname":"AppledeMacBook-Pro.local","pid":1537,"level":20,"msg":"Processed: \u001b[35msource/vendors/velocity/bower.json\u001b[39m","time":"2016-09-30T16:37:29.159Z","v":0}
{"name":"hexo","hostname":"AppledeMacBook-Pro.local","pid":1537,"level":20,"msg":"Processed: \u001b[35msource/vendors/velocity/velocity.min.js\u001b[39m","time":"2016-09-30T16:37:29.159Z","v":0}
{"name":"hexo","hostname":"AppledeMacBook-Pro.local","pid":1537,"level":20,"msg":"Processed: \u001b[35msource/vendors/velocity/velocity.ui.min.js\u001b[39m","time":"2016-09-30T16:37:29.159Z","v":0}
{"name":"hexo","hostname":"AppledeMacBook-Pro.local","pid":1537,"level":20,"msg":"Processed: \u001b[35msource/vendors/velocity/velocity.ui.js\u001b[39m","time":"2016-09-30T16:37:29.166Z","v":0}
{"name":"hexo","hostname":"AppledeMacBook-Pro.local","pid":1537,"level":20,"msg":"Processed: \u001b[35mlayout/_macro/post.swig\u001b[39m","time":"2016-09-30T16:37:29.205Z","v":0}
{"name":"hexo","hostname":"AppledeMacBook-Pro.local","pid":1537,"level":20,"msg":"Processed: \u001b[35mlayout/_macro/reward.swig\u001b[39m","time":"2016-09-30T16:37:29.205Z","v":0}
{"name":"hexo","hostname":"AppledeMacBook-Pro.local","pid":1537,"level":20,"msg":"Processed: \u001b[35mlayout/_macro/post-collapse.swig\u001b[39m","time":"2016-09-30T16:37:29.205Z","v":0}
{"name":"hexo","hostname":"AppledeMacBook-Pro.local","pid":1537,"level":20,"msg":"Processed: \u001b[35mlayout/_macro/sidebar.swig\u001b[39m","time":"2016-09-30T16:37:29.205Z","v":0}
{"name":"hexo","hostname":"AppledeMacBook-Pro.local","pid":1537,"level":20,"msg":"Processed: \u001b[35mlayout/_macro/wechat-subscriber.swig\u001b[39m","time":"2016-09-30T16:37:29.205Z","v":0}
{"name":"hexo","hostname":"AppledeMacBook-Pro.local","pid":1537,"level":20,"msg":"Processed: \u001b[35mlayout/_partials/comments.swig\u001b[39m","time":"2016-09-30T16:37:29.205Z","v":0}
{"name":"hexo","hostname":"AppledeMacBook-Pro.local","pid":1537,"level":20,"msg":"Processed: \u001b[35mlayout/_partials/duoshuo-hot-articles.swig\u001b[39m","time":"2016-09-30T16:37:29.205Z","v":0}
{"name":"hexo","hostname":"AppledeMacBook-Pro.local","pid":1537,"level":20,"msg":"Processed: \u001b[35mlayout/_partials/footer.swig\u001b[39m","time":"2016-09-30T16:37:29.205Z","v":0}
{"name":"hexo","hostname":"AppledeMacBook-Pro.local","pid":1537,"level":20,"msg":"Processed: \u001b[35mlayout/_partials/head.swig\u001b[39m","time":"2016-09-30T16:37:29.206Z","v":0}
{"name":"hexo","hostname":"AppledeMacBook-Pro.local","pid":1537,"level":20,"msg":"Processed: \u001b[35mlayout/_partials/header.swig\u001b[39m","time":"2016-09-30T16:37:29.206Z","v":0}
{"name":"hexo","hostname":"AppledeMacBook-Pro.local","pid":1537,"level":20,"msg":"Processed: \u001b[35mlayout/_partials/pagination.swig\u001b[39m","time":"2016-09-30T16:37:29.206Z","v":0}
{"name":"hexo","hostname":"AppledeMacBook-Pro.local","pid":1537,"level":20,"msg":"Processed: \u001b[35mlayout/_partials/search.swig\u001b[39m","time":"2016-09-30T16:37:29.206Z","v":0}
{"name":"hexo","hostname":"AppledeMacBook-Pro.local","pid":1537,"level":20,"msg":"Processed: \u001b[35mlayout/_scripts/baidu-push.swig\u001b[39m","time":"2016-09-30T16:37:29.206Z","v":0}
{"name":"hexo","hostname":"AppledeMacBook-Pro.local","pid":1537,"level":20,"msg":"Processed: \u001b[35mlayout/_scripts/boostrap.swig\u001b[39m","time":"2016-09-30T16:37:29.206Z","v":0}
{"name":"hexo","hostname":"AppledeMacBook-Pro.local","pid":1537,"level":20,"msg":"Processed: \u001b[35mlayout/_scripts/commons.swig\u001b[39m","time":"2016-09-30T16:37:29.206Z","v":0}
{"name":"hexo","hostname":"AppledeMacBook-Pro.local","pid":1537,"level":20,"msg":"Processed: \u001b[35mlayout/_scripts/vendors.swig\u001b[39m","time":"2016-09-30T16:37:29.206Z","v":0}
{"name":"hexo","hostname":"AppledeMacBook-Pro.local","pid":1537,"level":20,"msg":"Processed: \u001b[35msource/vendors/jquery/index.js\u001b[39m","time":"2016-09-30T16:37:29.207Z","v":0}
{"name":"hexo","hostname":"AppledeMacBook-Pro.local","pid":1537,"level":20,"msg":"Processed: \u001b[35mlayout/_scripts/schemes/muse.swig\u001b[39m","time":"2016-09-30T16:37:29.213Z","v":0}
{"name":"hexo","hostname":"AppledeMacBook-Pro.local","pid":1537,"level":20,"msg":"Processed: \u001b[35mlayout/_scripts/schemes/mist.swig\u001b[39m","time":"2016-09-30T16:37:29.213Z","v":0}
{"name":"hexo","hostname":"AppledeMacBook-Pro.local","pid":1537,"level":20,"msg":"Processed: \u001b[35msource/js/src/schemes/pisces.js\u001b[39m","time":"2016-09-30T16:37:29.218Z","v":0}
{"name":"hexo","hostname":"AppledeMacBook-Pro.local","pid":1537,"level":20,"msg":"Processed: \u001b[35msource/vendors/fancybox/source/blank.gif\u001b[39m","time":"2016-09-30T16:37:29.219Z","v":0}
{"name":"hexo","hostname":"AppledeMacBook-Pro.local","pid":1537,"level":20,"msg":"Processed: \u001b[35msource/vendors/fancybox/source/fancybox_loading.gif\u001b[39m","time":"2016-09-30T16:37:29.219Z","v":0}
{"name":"hexo","hostname":"AppledeMacBook-Pro.local","pid":1537,"level":20,"msg":"Processed: \u001b[35msource/vendors/fancybox/source/fancybox_loading@2x.gif\u001b[39m","time":"2016-09-30T16:37:29.219Z","v":0}
{"name":"hexo","hostname":"AppledeMacBook-Pro.local","pid":1537,"level":20,"msg":"Processed: \u001b[35msource/vendors/fancybox/source/fancybox_overlay.png\u001b[39m","time":"2016-09-30T16:37:29.221Z","v":0}
{"name":"hexo","hostname":"AppledeMacBook-Pro.local","pid":1537,"level":20,"msg":"Processed: \u001b[35msource/vendors/fancybox/source/fancybox_sprite.png\u001b[39m","time":"2016-09-30T16:37:29.221Z","v":0}
{"name":"hexo","hostname":"AppledeMacBook-Pro.local","pid":1537,"level":20,"msg":"Processed: \u001b[35msource/vendors/fancybox/source/fancybox_sprite@2x.png\u001b[39m","time":"2016-09-30T16:37:29.222Z","v":0}
{"name":"hexo","hostname":"AppledeMacBook-Pro.local","pid":1537,"level":20,"msg":"Processed: \u001b[35msource/vendors/fancybox/source/jquery.fancybox.css\u001b[39m","time":"2016-09-30T16:37:29.222Z","v":0}
{"name":"hexo","hostname":"AppledeMacBook-Pro.local","pid":1537,"level":20,"msg":"Processed: \u001b[35msource/vendors/fancybox/source/jquery.fancybox.js\u001b[39m","time":"2016-09-30T16:37:29.222Z","v":0}
{"name":"hexo","hostname":"AppledeMacBook-Pro.local","pid":1537,"level":20,"msg":"Processed: \u001b[35msource/vendors/fancybox/source/jquery.fancybox.pack.js\u001b[39m","time":"2016-09-30T16:37:29.223Z","v":0}
{"name":"hexo","hostname":"AppledeMacBook-Pro.local","pid":1537,"level":20,"msg":"Processed: \u001b[35msource/vendors/fastclick/lib/fastclick.js\u001b[39m","time":"2016-09-30T16:37:29.223Z","v":0}
{"name":"hexo","hostname":"AppledeMacBook-Pro.local","pid":1537,"level":20,"msg":"Processed: \u001b[35msource/vendors/fastclick/lib/fastclick.min.js\u001b[39m","time":"2016-09-30T16:37:29.223Z","v":0}
{"name":"hexo","hostname":"AppledeMacBook-Pro.local","pid":1537,"level":20,"msg":"Processed: \u001b[35msource/vendors/font-awesome/css/font-awesome.css\u001b[39m","time":"2016-09-30T16:37:29.223Z","v":0}
{"name":"hexo","hostname":"AppledeMacBook-Pro.local","pid":1537,"level":20,"msg":"Processed: \u001b[35msource/vendors/font-awesome/css/font-awesome.min.css\u001b[39m","time":"2016-09-30T16:37:29.223Z","v":0}
{"name":"hexo","hostname":"AppledeMacBook-Pro.local","pid":1537,"level":20,"msg":"Processed: \u001b[35msource/vendors/font-awesome/css/font-awesome.css.map\u001b[39m","time":"2016-09-30T16:37:29.224Z","v":0}
{"name":"hexo","hostname":"AppledeMacBook-Pro.local","pid":1537,"level":20,"msg":"Processed: \u001b[35msource/vendors/font-awesome/fonts/fontawesome-webfont.woff2\u001b[39m","time":"2016-09-30T16:37:29.224Z","v":0}
{"name":"hexo","hostname":"AppledeMacBook-Pro.local","pid":1537,"level":20,"msg":"Processed: \u001b[35msource/vendors/ua-parser-js/dist/ua-parser.min.js\u001b[39m","time":"2016-09-30T16:37:29.224Z","v":0}
{"name":"hexo","hostname":"AppledeMacBook-Pro.local","pid":1537,"level":20,"msg":"Processed: \u001b[35msource/vendors/ua-parser-js/dist/ua-parser.pack.js\u001b[39m","time":"2016-09-30T16:37:29.224Z","v":0}
{"name":"hexo","hostname":"AppledeMacBook-Pro.local","pid":1537,"level":20,"msg":"Processed: \u001b[35mlayout/_partials/head/external-fonts.swig\u001b[39m","time":"2016-09-30T16:37:29.234Z","v":0}
{"name":"hexo","hostname":"AppledeMacBook-Pro.local","pid":1537,"level":20,"msg":"Processed: \u001b[35mlayout/_partials/search/localsearch.swig\u001b[39m","time":"2016-09-30T16:37:29.235Z","v":0}
{"name":"hexo","hostname":"AppledeMacBook-Pro.local","pid":1537,"level":20,"msg":"Processed: \u001b[35mlayout/_partials/search/swiftype.swig\u001b[39m","time":"2016-09-30T16:37:29.235Z","v":0}
{"name":"hexo","hostname":"AppledeMacBook-Pro.local","pid":1537,"level":20,"msg":"Processed: \u001b[35mlayout/_partials/search/tinysou.swig\u001b[39m","time":"2016-09-30T16:37:29.235Z","v":0}
{"name":"hexo","hostname":"AppledeMacBook-Pro.local","pid":1537,"level":20,"msg":"Processed: \u001b[35mlayout/_partials/share/add-this.swig\u001b[39m","time":"2016-09-30T16:37:29.235Z","v":0}
{"name":"hexo","hostname":"AppledeMacBook-Pro.local","pid":1537,"level":20,"msg":"Processed: \u001b[35mlayout/_partials/share/baidushare.swig\u001b[39m","time":"2016-09-30T16:37:29.235Z","v":0}
{"name":"hexo","hostname":"AppledeMacBook-Pro.local","pid":1537,"level":20,"msg":"Processed: \u001b[35mlayout/_partials/share/duoshuo_share.swig\u001b[39m","time":"2016-09-30T16:37:29.235Z","v":0}
{"name":"hexo","hostname":"AppledeMacBook-Pro.local","pid":1537,"level":20,"msg":"Processed: \u001b[35mlayout/_partials/share/jiathis.swig\u001b[39m","time":"2016-09-30T16:37:29.235Z","v":0}
{"name":"hexo","hostname":"AppledeMacBook-Pro.local","pid":1537,"level":20,"msg":"Processed: \u001b[35mlayout/_scripts/schemes/pisces.swig\u001b[39m","time":"2016-09-30T16:37:29.235Z","v":0}
{"name":"hexo","hostname":"AppledeMacBook-Pro.local","pid":1537,"level":20,"msg":"Processed: \u001b[35mlayout/_scripts/pages/post-details.swig\u001b[39m","time":"2016-09-30T16:37:29.235Z","v":0}
{"name":"hexo","hostname":"AppledeMacBook-Pro.local","pid":1537,"level":20,"msg":"Processed: \u001b[35mlayout/_scripts/third-party/analytics.swig\u001b[39m","time":"2016-09-30T16:37:29.235Z","v":0}
{"name":"hexo","hostname":"AppledeMacBook-Pro.local","pid":1537,"level":20,"msg":"Processed: \u001b[35mlayout/_scripts/third-party/comments.swig\u001b[39m","time":"2016-09-30T16:37:29.235Z","v":0}
{"name":"hexo","hostname":"AppledeMacBook-Pro.local","pid":1537,"level":20,"msg":"Processed: \u001b[35mlayout/_scripts/third-party/lean-analytics.swig\u001b[39m","time":"2016-09-30T16:37:29.235Z","v":0}
{"name":"hexo","hostname":"AppledeMacBook-Pro.local","pid":1537,"level":20,"msg":"Processed: \u001b[35mlayout/_scripts/third-party/localsearch.swig\u001b[39m","time":"2016-09-30T16:37:29.236Z","v":0}
{"name":"hexo","hostname":"AppledeMacBook-Pro.local","pid":1537,"level":20,"msg":"Processed: \u001b[35mlayout/_scripts/third-party/mathjax.swig\u001b[39m","time":"2016-09-30T16:37:29.236Z","v":0}
{"name":"hexo","hostname":"AppledeMacBook-Pro.local","pid":1537,"level":20,"msg":"Processed: \u001b[35mlayout/_scripts/third-party/tinysou.swig\u001b[39m","time":"2016-09-30T16:37:29.236Z","v":0}
{"name":"hexo","hostname":"AppledeMacBook-Pro.local","pid":1537,"level":20,"msg":"Processed: \u001b[35msource/vendors/font-awesome/fonts/FontAwesome.otf\u001b[39m","time":"2016-09-30T16:37:29.237Z","v":0}
{"name":"hexo","hostname":"AppledeMacBook-Pro.local","pid":1537,"level":20,"msg":"Processed: \u001b[35msource/vendors/font-awesome/fonts/fontawesome-webfont.eot\u001b[39m","time":"2016-09-30T16:37:29.237Z","v":0}
{"name":"hexo","hostname":"AppledeMacBook-Pro.local","pid":1537,"level":20,"msg":"Processed: \u001b[35msource/vendors/font-awesome/fonts/fontawesome-webfont.woff\u001b[39m","time":"2016-09-30T16:37:29.237Z","v":0}
{"name":"hexo","hostname":"AppledeMacBook-Pro.local","pid":1537,"level":20,"msg":"Processed: \u001b[35msource/vendors/velocity/velocity.js\u001b[39m","time":"2016-09-30T16:37:29.238Z","v":0}
{"name":"hexo","hostname":"AppledeMacBook-Pro.local","pid":1537,"level":20,"msg":"Processed: \u001b[35msource/vendors/fancybox/source/helpers/fancybox_buttons.png\u001b[39m","time":"2016-09-30T16:37:29.247Z","v":0}
{"name":"hexo","hostname":"AppledeMacBook-Pro.local","pid":1537,"level":20,"msg":"Processed: \u001b[35msource/vendors/fancybox/source/helpers/jquery.fancybox-buttons.js\u001b[39m","time":"2016-09-30T16:37:29.247Z","v":0}
{"name":"hexo","hostname":"AppledeMacBook-Pro.local","pid":1537,"level":20,"msg":"Processed: \u001b[35msource/vendors/fancybox/source/helpers/jquery.fancybox-buttons.css\u001b[39m","time":"2016-09-30T16:37:29.248Z","v":0}
{"name":"hexo","hostname":"AppledeMacBook-Pro.local","pid":1537,"level":20,"msg":"Processed: \u001b[35msource/vendors/fancybox/source/helpers/jquery.fancybox-media.js\u001b[39m","time":"2016-09-30T16:37:29.248Z","v":0}
{"name":"hexo","hostname":"AppledeMacBook-Pro.local","pid":1537,"level":20,"msg":"Processed: \u001b[35msource/vendors/fancybox/source/helpers/jquery.fancybox-thumbs.css\u001b[39m","time":"2016-09-30T16:37:29.248Z","v":0}
{"name":"hexo","hostname":"AppledeMacBook-Pro.local","pid":1537,"level":20,"msg":"Processed: \u001b[35msource/vendors/fancybox/source/helpers/jquery.fancybox-thumbs.js\u001b[39m","time":"2016-09-30T16:37:29.249Z","v":0}
{"name":"hexo","hostname":"AppledeMacBook-Pro.local","pid":1537,"level":20,"msg":"Processed: \u001b[35msource/vendors/font-awesome/fonts/fontawesome-webfont.ttf\u001b[39m","time":"2016-09-30T16:37:29.250Z","v":0}
{"name":"hexo","hostname":"AppledeMacBook-Pro.local","pid":1537,"level":20,"msg":"Processed: \u001b[35mlayout/_scripts/third-party/analytics/busuanzi-counter.swig\u001b[39m","time":"2016-09-30T16:37:29.254Z","v":0}
{"name":"hexo","hostname":"AppledeMacBook-Pro.local","pid":1537,"level":20,"msg":"Processed: \u001b[35mlayout/_scripts/third-party/analytics/baidu-analytics.swig\u001b[39m","time":"2016-09-30T16:37:29.265Z","v":0}
{"name":"hexo","hostname":"AppledeMacBook-Pro.local","pid":1537,"level":20,"msg":"Processed: \u001b[35mlayout/_scripts/third-party/analytics/cnzz-analytics.swig\u001b[39m","time":"2016-09-30T16:37:29.266Z","v":0}
{"name":"hexo","hostname":"AppledeMacBook-Pro.local","pid":1537,"level":20,"msg":"Processed: \u001b[35mlayout/_scripts/third-party/analytics/facebook-sdk.swig\u001b[39m","time":"2016-09-30T16:37:29.266Z","v":0}
{"name":"hexo","hostname":"AppledeMacBook-Pro.local","pid":1537,"level":20,"msg":"Processed: \u001b[35mlayout/_scripts/third-party/analytics/google-analytics.swig\u001b[39m","time":"2016-09-30T16:37:29.266Z","v":0}
{"name":"hexo","hostname":"AppledeMacBook-Pro.local","pid":1537,"level":20,"msg":"Processed: \u001b[35mlayout/_scripts/third-party/analytics/tencent-analytics.swig\u001b[39m","time":"2016-09-30T16:37:29.266Z","v":0}
{"name":"hexo","hostname":"AppledeMacBook-Pro.local","pid":1537,"level":20,"msg":"Processed: \u001b[35mlayout/_scripts/third-party/comments/disqus.swig\u001b[39m","time":"2016-09-30T16:37:29.266Z","v":0}
{"name":"hexo","hostname":"AppledeMacBook-Pro.local","pid":1537,"level":20,"msg":"Processed: \u001b[35mlayout/_scripts/third-party/comments/duoshuo.swig\u001b[39m","time":"2016-09-30T16:37:29.266Z","v":0}
{"name":"hexo","hostname":"AppledeMacBook-Pro.local","pid":1537,"level":20,"msg":"Processed: \u001b[35msource/vendors/font-awesome/fonts/fontawesome-webfont.svg\u001b[39m","time":"2016-09-30T16:37:29.267Z","v":0}
{"name":"hexo","hostname":"AppledeMacBook-Pro.local","pid":1537,"level":20,"msg":"Generator: \u001b[35mpage\u001b[39m","time":"2016-09-30T16:37:29.466Z","v":0}
{"name":"hexo","hostname":"AppledeMacBook-Pro.local","pid":1537,"level":20,"msg":"Generator: \u001b[35mpost\u001b[39m","time":"2016-09-30T16:37:29.466Z","v":0}
{"name":"hexo","hostname":"AppledeMacBook-Pro.local","pid":1537,"level":20,"msg":"Generator: \u001b[35marchive\u001b[39m","time":"2016-09-30T16:37:29.466Z","v":0}
{"name":"hexo","hostname":"AppledeMacBook-Pro.local","pid":1537,"level":20,"msg":"Generator: \u001b[35mcategory\u001b[39m","time":"2016-09-30T16:37:29.466Z","v":0}
{"name":"hexo","hostname":"AppledeMacBook-Pro.local","pid":1537,"level":20,"msg":"Generator: \u001b[35mtag\u001b[39m","time":"2016-09-30T16:37:29.466Z","v":0}
{"name":"hexo","hostname":"AppledeMacBook-Pro.local","pid":1537,"level":20,"msg":"Generator: \u001b[35mindex\u001b[39m","time":"2016-09-30T16:37:29.466Z","v":0}
{"name":"hexo","hostname":"AppledeMacBook-Pro.local","pid":1537,"level":20,"msg":"Generator: \u001b[35masset\u001b[39m","time":"2016-09-30T16:37:29.467Z","v":0}
{"name":"hexo","hostname":"AppledeMacBook-Pro.local","pid":1537,"level":30,"msg":"Hexo is running at \u001b[4mhttp://localhost:4000/\u001b[24m. Press Ctrl+C to stop.","time":"2016-09-30T16:37:29.472Z","v":0}
{"name":"hexo","hostname":"AppledeMacBook-Pro.local","pid":1537,"level":20,"msg":"Database saved","time":"2016-09-30T16:37:29.484Z","v":0}
{"name":"hexo","hostname":"AppledeMacBook-Pro.local","pid":1537,"level":20,"msg":"Rendering index: \u001b[35mindex.html\u001b[39m","time":"2016-09-30T16:38:05.536Z","v":0}
{"name":"hexo","hostname":"AppledeMacBook-Pro.local","pid":1537,"level":20,"msg":"Rendering archive: \u001b[35marchives/index.html\u001b[39m","time":"2016-09-30T16:38:32.608Z","v":0}
{"name":"hexo","hostname":"AppledeMacBook-Pro.local","pid":1537,"level":20,"msg":"Rendering post: \u001b[35m2016/09/25/firstBlog/index.html\u001b[39m","time":"2016-09-30T16:38:36.459Z","v":0}
{"name":"hexo","hostname":"AppledeMacBook-Pro.local","pid":1537,"level":20,"msg":"Rendering archive: \u001b[35marchives/index.html\u001b[39m","time":"2016-09-30T16:38:44.306Z","v":0}
{"name":"hexo","hostname":"AppledeMacBook-Pro.local","pid":1537,"level":20,"msg":"Generator: \u001b[35mpage\u001b[39m","time":"2016-09-30T16:40:25.946Z","v":0}
{"name":"hexo","hostname":"AppledeMacBook-Pro.local","pid":1537,"level":20,"msg":"Generator: \u001b[35mpost\u001b[39m","time":"2016-09-30T16:40:25.946Z","v":0}
{"name":"hexo","hostname":"AppledeMacBook-Pro.local","pid":1537,"level":20,"msg":"Generator: \u001b[35marchive\u001b[39m","time":"2016-09-30T16:40:25.947Z","v":0}
{"name":"hexo","hostname":"AppledeMacBook-Pro.local","pid":1537,"level":20,"msg":"Generator: \u001b[35mcategory\u001b[39m","time":"2016-09-30T16:40:25.947Z","v":0}
{"name":"hexo","hostname":"AppledeMacBook-Pro.local","pid":1537,"level":20,"msg":"Generator: \u001b[35mtag\u001b[39m","time":"2016-09-30T16:40:25.947Z","v":0}
{"name":"hexo","hostname":"AppledeMacBook-Pro.local","pid":1537,"level":20,"msg":"Generator: \u001b[35mindex\u001b[39m","time":"2016-09-30T16:40:25.947Z","v":0}
{"name":"hexo","hostname":"AppledeMacBook-Pro.local","pid":1537,"level":20,"msg":"Generator: \u001b[35masset\u001b[39m","time":"2016-09-30T16:40:25.948Z","v":0}
{"name":"hexo","hostname":"AppledeMacBook-Pro.local","pid":1537,"level":20,"msg":"Generator: \u001b[35mpage\u001b[39m","time":"2016-09-30T16:40:28.692Z","v":0}
{"name":"hexo","hostname":"AppledeMacBook-Pro.local","pid":1537,"level":20,"msg":"Generator: \u001b[35mpost\u001b[39m","time":"2016-09-30T16:40:28.692Z","v":0}
{"name":"hexo","hostname":"AppledeMacBook-Pro.local","pid":1537,"level":20,"msg":"Generator: \u001b[35marchive\u001b[39m","time":"2016-09-30T16:40:28.692Z","v":0}
{"name":"hexo","hostname":"AppledeMacBook-Pro.local","pid":1537,"level":20,"msg":"Generator: \u001b[35mcategory\u001b[39m","time":"2016-09-30T16:40:28.693Z","v":0}
{"name":"hexo","hostname":"AppledeMacBook-Pro.local","pid":1537,"level":20,"msg":"Generator: \u001b[35mtag\u001b[39m","time":"2016-09-30T16:40:28.693Z","v":0}
{"name":"hexo","hostname":"AppledeMacBook-Pro.local","pid":1537,"level":20,"msg":"Generator: \u001b[35mindex\u001b[39m","time":"2016-09-30T16:40:28.693Z","v":0}
{"name":"hexo","hostname":"AppledeMacBook-Pro.local","pid":1537,"level":20,"msg":"Generator: \u001b[35masset\u001b[39m","time":"2016-09-30T16:40:28.693Z","v":0}
{"name":"hexo","hostname":"AppledeMacBook-Pro.local","pid":1537,"level":20,"msg":"Generator: \u001b[35mpage\u001b[39m","time":"2016-09-30T16:40:30.190Z","v":0}
{"name":"hexo","hostname":"AppledeMacBook-Pro.local","pid":1537,"level":20,"msg":"Generator: \u001b[35mpost\u001b[39m","time":"2016-09-30T16:40:30.190Z","v":0}
{"name":"hexo","hostname":"AppledeMacBook-Pro.local","pid":1537,"level":20,"msg":"Generator: \u001b[35marchive\u001b[39m","time":"2016-09-30T16:40:30.190Z","v":0}
{"name":"hexo","hostname":"AppledeMacBook-Pro.local","pid":1537,"level":20,"msg":"Generator: \u001b[35mcategory\u001b[39m","time":"2016-09-30T16:40:30.190Z","v":0}
{"name":"hexo","hostname":"AppledeMacBook-Pro.local","pid":1537,"level":20,"msg":"Generator: \u001b[35mtag\u001b[39m","time":"2016-09-30T16:40:30.190Z","v":0}
{"name":"hexo","hostname":"AppledeMacBook-Pro.local","pid":1537,"level":20,"msg":"Generator: \u001b[35mindex\u001b[39m","time":"2016-09-30T16:40:30.190Z","v":0}
{"name":"hexo","hostname":"AppledeMacBook-Pro.local","pid":1537,"level":20,"msg":"Generator: \u001b[35masset\u001b[39m","time":"2016-09-30T16:40:30.191Z","v":0}
{"name":"hexo","hostname":"AppledeMacBook-Pro.local","pid":1537,"level":20,"msg":"Theme config loaded.","time":"2016-09-30T16:40:47.296Z","v":0}
{"name":"hexo","hostname":"AppledeMacBook-Pro.local","pid":1537,"level":20,"msg":"Processed: \u001b[35m_config.yml\u001b[39m","time":"2016-09-30T16:40:47.296Z","v":0}
{"name":"hexo","hostname":"AppledeMacBook-Pro.local","pid":1537,"level":20,"msg":"Generator: \u001b[35mpage\u001b[39m","time":"2016-09-30T16:40:47.406Z","v":0}
{"name":"hexo","hostname":"AppledeMacBook-Pro.local","pid":1537,"level":20,"msg":"Generator: \u001b[35mpost\u001b[39m","time":"2016-09-30T16:40:47.406Z","v":0}
{"name":"hexo","hostname":"AppledeMacBook-Pro.local","pid":1537,"level":20,"msg":"Generator: \u001b[35marchive\u001b[39m","time":"2016-09-30T16:40:47.406Z","v":0}
{"name":"hexo","hostname":"AppledeMacBook-Pro.local","pid":1537,"level":20,"msg":"Generator: \u001b[35mcategory\u001b[39m","time":"2016-09-30T16:40:47.406Z","v":0}
{"name":"hexo","hostname":"AppledeMacBook-Pro.local","pid":1537,"level":20,"msg":"Generator: \u001b[35mtag\u001b[39m","time":"2016-09-30T16:40:47.407Z","v":0}
{"name":"hexo","hostname":"AppledeMacBook-Pro.local","pid":1537,"level":20,"msg":"Generator: \u001b[35mindex\u001b[39m","time":"2016-09-30T16:40:47.407Z","v":0}
{"name":"hexo","hostname":"AppledeMacBook-Pro.local","pid":1537,"level":20,"msg":"Generator: \u001b[35masset\u001b[39m","time":"2016-09-30T16:40:47.407Z","v":0}
{"name":"hexo","hostname":"AppledeMacBook-Pro.local","pid":1537,"level":20,"msg":"Rendering archive: \u001b[35marchives/index.html\u001b[39m","time":"2016-09-30T16:40:51.468Z","v":0}
{"name":"hexo","hostname":"AppledeMacBook-Pro.local","pid":1537,"level":20,"msg":"Rendering index: \u001b[35mindex.html\u001b[39m","time":"2016-09-30T16:40:59.135Z","v":0}
{"name":"hexo","hostname":"AppledeMacBook-Pro.local","pid":1537,"level":20,"msg":"Rendering archive: \u001b[35marchives/index.html\u001b[39m","time":"2016-09-30T16:41:02.943Z","v":0}
{"name":"hexo","hostname":"AppledeMacBook-Pro.local","pid":1537,"level":20,"msg":"Rendering archive: \u001b[35marchives/index.html\u001b[39m","time":"2016-09-30T16:41:09.490Z","v":0}
{"name":"hexo","hostname":"AppledeMacBook-Pro.local","pid":1537,"level":20,"msg":"Rendering index: \u001b[35mindex.html\u001b[39m","time":"2016-09-30T16:41:11.790Z","v":0}
{"name":"hexo","hostname":"AppledeMacBook-Pro.local","pid":1537,"level":20,"msg":"Rendering archive: \u001b[35marchives/index.html\u001b[39m","time":"2016-09-30T16:41:15.771Z","v":0}
{"name":"hexo","hostname":"AppledeMacBook-Pro.local","pid":1537,"level":20,"msg":"Theme config loaded.","time":"2016-09-30T16:41:31.155Z","v":0}
{"name":"hexo","hostname":"AppledeMacBook-Pro.local","pid":1537,"level":20,"msg":"Processed: \u001b[35m_config.yml\u001b[39m","time":"2016-09-30T16:41:31.156Z","v":0}
{"name":"hexo","hostname":"AppledeMacBook-Pro.local","pid":1537,"level":20,"msg":"Generator: \u001b[35mpage\u001b[39m","time":"2016-09-30T16:41:31.265Z","v":0}
{"name":"hexo","hostname":"AppledeMacBook-Pro.local","pid":1537,"level":20,"msg":"Generator: \u001b[35mpost\u001b[39m","time":"2016-09-30T16:41:31.266Z","v":0}
{"name":"hexo","hostname":"AppledeMacBook-Pro.local","pid":1537,"level":20,"msg":"Generator: \u001b[35marchive\u001b[39m","time":"2016-09-30T16:41:31.266Z","v":0}
{"name":"hexo","hostname":"AppledeMacBook-Pro.local","pid":1537,"level":20,"msg":"Generator: \u001b[35mcategory\u001b[39m","time":"2016-09-30T16:41:31.266Z","v":0}
{"name":"hexo","hostname":"AppledeMacBook-Pro.local","pid":1537,"level":20,"msg":"Generator: \u001b[35mtag\u001b[39m","time":"2016-09-30T16:41:31.266Z","v":0}
{"name":"hexo","hostname":"AppledeMacBook-Pro.local","pid":1537,"level":20,"msg":"Generator: \u001b[35mindex\u001b[39m","time":"2016-09-30T16:41:31.266Z","v":0}
{"name":"hexo","hostname":"AppledeMacBook-Pro.local","pid":1537,"level":20,"msg":"Generator: \u001b[35masset\u001b[39m","time":"2016-09-30T16:41:31.267Z","v":0}
{"name":"hexo","hostname":"AppledeMacBook-Pro.local","pid":1537,"level":20,"msg":"Theme config loaded.","time":"2016-09-30T16:41:31.326Z","v":0}
{"name":"hexo","hostname":"AppledeMacBook-Pro.local","pid":1537,"level":20,"msg":"Processed: \u001b[35m_config.yml\u001b[39m","time":"2016-09-30T16:41:31.326Z","v":0}
{"name":"hexo","hostname":"AppledeMacBook-Pro.local","pid":1537,"level":20,"msg":"Generator: \u001b[35mpage\u001b[39m","time":"2016-09-30T16:41:31.434Z","v":0}
{"name":"hexo","hostname":"AppledeMacBook-Pro.local","pid":1537,"level":20,"msg":"Generator: \u001b[35mpost\u001b[39m","time":"2016-09-30T16:41:31.434Z","v":0}
{"name":"hexo","hostname":"AppledeMacBook-Pro.local","pid":1537,"level":20,"msg":"Generator: \u001b[35marchive\u001b[39m","time":"2016-09-30T16:41:31.434Z","v":0}
{"name":"hexo","hostname":"AppledeMacBook-Pro.local","pid":1537,"level":20,"msg":"Generator: \u001b[35mcategory\u001b[39m","time":"2016-09-30T16:41:31.434Z","v":0}
{"name":"hexo","hostname":"AppledeMacBook-Pro.local","pid":1537,"level":20,"msg":"Generator: \u001b[35mtag\u001b[39m","time":"2016-09-30T16:41:31.434Z","v":0}
{"name":"hexo","hostname":"AppledeMacBook-Pro.local","pid":1537,"level":20,"msg":"Generator: \u001b[35mindex\u001b[39m","time":"2016-09-30T16:41:31.434Z","v":0}
{"name":"hexo","hostname":"AppledeMacBook-Pro.local","pid":1537,"level":20,"msg":"Generator: \u001b[35masset\u001b[39m","time":"2016-09-30T16:41:31.435Z","v":0}
{"name":"hexo","hostname":"AppledeMacBook-Pro.local","pid":1537,"level":20,"msg":"Rendering archive: \u001b[35marchives/index.html\u001b[39m","time":"2016-09-30T16:41:32.979Z","v":0}
{"name":"hexo","hostname":"AppledeMacBook-Pro.local","pid":1537,"level":20,"msg":"Rendering archive: \u001b[35marchives/index.html\u001b[39m","time":"2016-09-30T16:41:39.420Z","v":0}
{"name":"hexo","hostname":"AppledeMacBook-Pro.local","pid":1537,"level":20,"msg":"Rendering index: \u001b[35mindex.html\u001b[39m","time":"2016-09-30T16:41:46.838Z","v":0}
{"name":"hexo","hostname":"AppledeMacBook-Pro.local","pid":1537,"level":20,"msg":"Theme config loaded.","time":"2016-09-30T16:42:18.839Z","v":0}
{"name":"hexo","hostname":"AppledeMacBook-Pro.local","pid":1537,"level":20,"msg":"Processed: \u001b[35m_config.yml\u001b[39m","time":"2016-09-30T16:42:18.839Z","v":0}
{"name":"hexo","hostname":"AppledeMacBook-Pro.local","pid":1537,"level":20,"msg":"Generator: \u001b[35mpage\u001b[39m","time":"2016-09-30T16:42:18.947Z","v":0}
{"name":"hexo","hostname":"AppledeMacBook-Pro.local","pid":1537,"level":20,"msg":"Generator: \u001b[35mpost\u001b[39m","time":"2016-09-30T16:42:18.947Z","v":0}
{"name":"hexo","hostname":"AppledeMacBook-Pro.local","pid":1537,"level":20,"msg":"Generator: \u001b[35marchive\u001b[39m","time":"2016-09-30T16:42:18.947Z","v":0}
{"name":"hexo","hostname":"AppledeMacBook-Pro.local","pid":1537,"level":20,"msg":"Generator: \u001b[35mcategory\u001b[39m","time":"2016-09-30T16:42:18.947Z","v":0}
{"name":"hexo","hostname":"AppledeMacBook-Pro.local","pid":1537,"level":20,"msg":"Generator: \u001b[35mtag\u001b[39m","time":"2016-09-30T16:42:18.948Z","v":0}
{"name":"hexo","hostname":"AppledeMacBook-Pro.local","pid":1537,"level":20,"msg":"Generator: \u001b[35mindex\u001b[39m","time":"2016-09-30T16:42:18.948Z","v":0}
{"name":"hexo","hostname":"AppledeMacBook-Pro.local","pid":1537,"level":20,"msg":"Generator: \u001b[35masset\u001b[39m","time":"2016-09-30T16:42:18.948Z","v":0}
{"name":"hexo","hostname":"AppledeMacBook-Pro.local","pid":1537,"level":20,"msg":"Rendering index: \u001b[35mindex.html\u001b[39m","time":"2016-09-30T16:42:23.222Z","v":0}
{"name":"hexo","hostname":"AppledeMacBook-Pro.local","pid":1537,"level":20,"msg":"Rendering index: \u001b[35mindex.html\u001b[39m","time":"2016-09-30T16:43:51.694Z","v":0}
{"name":"hexo","hostname":"AppledeMacBook-Pro.local","pid":1537,"level":20,"msg":"Rendering index: \u001b[35mindex.html\u001b[39m","time":"2016-09-30T16:44:00.961Z","v":0}
{"name":"hexo","hostname":"AppledeMacBook-Pro.local","pid":1537,"level":20,"msg":"Rendering archive: \u001b[35marchives/index.html\u001b[39m","time":"2016-09-30T16:44:04.468Z","v":0}
{"name":"hexo","hostname":"AppledeMacBook-Pro.local","pid":1537,"level":20,"msg":"Rendering index: \u001b[35mindex.html\u001b[39m","time":"2016-09-30T16:44:51.295Z","v":0}
{"name":"hexo","hostname":"AppledeMacBook-Pro.local","pid":1537,"level":20,"msg":"Generator: \u001b[35mpage\u001b[39m","time":"2016-09-30T16:47:40.612Z","v":0}
{"name":"hexo","hostname":"AppledeMacBook-Pro.local","pid":1537,"level":20,"msg":"Generator: \u001b[35mpost\u001b[39m","time":"2016-09-30T16:47:40.613Z","v":0}
{"name":"hexo","hostname":"AppledeMacBook-Pro.local","pid":1537,"level":20,"msg":"Generator: \u001b[35marchive\u001b[39m","time":"2016-09-30T16:47:40.613Z","v":0}
{"name":"hexo","hostname":"AppledeMacBook-Pro.local","pid":1537,"level":20,"msg":"Generator: \u001b[35mcategory\u001b[39m","time":"2016-09-30T16:47:40.613Z","v":0}
{"name":"hexo","hostname":"AppledeMacBook-Pro.local","pid":1537,"level":20,"msg":"Generator: \u001b[35mtag\u001b[39m","time":"2016-09-30T16:47:40.613Z","v":0}
{"name":"hexo","hostname":"AppledeMacBook-Pro.local","pid":1537,"level":20,"msg":"Generator: \u001b[35mindex\u001b[39m","time":"2016-09-30T16:47:40.613Z","v":0}
{"name":"hexo","hostname":"AppledeMacBook-Pro.local","pid":1537,"level":20,"msg":"Generator: \u001b[35masset\u001b[39m","time":"2016-09-30T16:47:40.614Z","v":0}
{"name":"hexo","hostname":"AppledeMacBook-Pro.local","pid":1537,"level":20,"msg":"Processed: \u001b[35mlanguages/.DS_Store\u001b[39m","time":"2016-09-30T16:47:45.449Z","v":0}
{"name":"hexo","hostname":"AppledeMacBook-Pro.local","pid":1537,"level":20,"msg":"Generator: \u001b[35mpage\u001b[39m","time":"2016-09-30T16:47:45.556Z","v":0}
{"name":"hexo","hostname":"AppledeMacBook-Pro.local","pid":1537,"level":20,"msg":"Generator: \u001b[35mpost\u001b[39m","time":"2016-09-30T16:47:45.556Z","v":0}
{"name":"hexo","hostname":"AppledeMacBook-Pro.local","pid":1537,"level":20,"msg":"Generator: \u001b[35marchive\u001b[39m","time":"2016-09-30T16:47:45.556Z","v":0}
{"name":"hexo","hostname":"AppledeMacBook-Pro.local","pid":1537,"level":20,"msg":"Generator: \u001b[35mcategory\u001b[39m","time":"2016-09-30T16:47:45.556Z","v":0}
{"name":"hexo","hostname":"AppledeMacBook-Pro.local","pid":1537,"level":20,"msg":"Generator: \u001b[35mtag\u001b[39m","time":"2016-09-30T16:47:45.556Z","v":0}
{"name":"hexo","hostname":"AppledeMacBook-Pro.local","pid":1537,"level":20,"msg":"Generator: \u001b[35mindex\u001b[39m","time":"2016-09-30T16:47:45.556Z","v":0}
{"name":"hexo","hostname":"AppledeMacBook-Pro.local","pid":1537,"level":20,"msg":"Generator: \u001b[35masset\u001b[39m","time":"2016-09-30T16:47:45.557Z","v":0}
{"name":"hexo","hostname":"AppledeMacBook-Pro.local","pid":1537,"level":20,"msg":"Processed: \u001b[35mlanguages/.DS_Store\u001b[39m","time":"2016-09-30T16:47:53.075Z","v":0}
{"name":"hexo","hostname":"AppledeMacBook-Pro.local","pid":1537,"level":20,"msg":"Generator: \u001b[35mpage\u001b[39m","time":"2016-09-30T16:47:53.183Z","v":0}
{"name":"hexo","hostname":"AppledeMacBook-Pro.local","pid":1537,"level":20,"msg":"Generator: \u001b[35mpost\u001b[39m","time":"2016-09-30T16:47:53.183Z","v":0}
{"name":"hexo","hostname":"AppledeMacBook-Pro.local","pid":1537,"level":20,"msg":"Generator: \u001b[35marchive\u001b[39m","time":"2016-09-30T16:47:53.183Z","v":0}
{"name":"hexo","hostname":"AppledeMacBook-Pro.local","pid":1537,"level":20,"msg":"Generator: \u001b[35mcategory\u001b[39m","time":"2016-09-30T16:47:53.183Z","v":0}
{"name":"hexo","hostname":"AppledeMacBook-Pro.local","pid":1537,"level":20,"msg":"Generator: \u001b[35mtag\u001b[39m","time":"2016-09-30T16:47:53.184Z","v":0}
{"name":"hexo","hostname":"AppledeMacBook-Pro.local","pid":1537,"level":20,"msg":"Generator: \u001b[35mindex\u001b[39m","time":"2016-09-30T16:47:53.184Z","v":0}
{"name":"hexo","hostname":"AppledeMacBook-Pro.local","pid":1537,"level":20,"msg":"Generator: \u001b[35masset\u001b[39m","time":"2016-09-30T16:47:53.184Z","v":0}
{"name":"hexo","hostname":"AppledeMacBook-Pro.local","pid":1537,"level":20,"msg":"Processed: \u001b[35mlanguages/zh-Hans.yml\u001b[39m","time":"2016-09-30T16:48:35.346Z","v":0}
{"name":"hexo","hostname":"AppledeMacBook-Pro.local","pid":1537,"level":20,"msg":"Generator: \u001b[35mpage\u001b[39m","time":"2016-09-30T16:48:35.453Z","v":0}
{"name":"hexo","hostname":"AppledeMacBook-Pro.local","pid":1537,"level":20,"msg":"Generator: \u001b[35mpost\u001b[39m","time":"2016-09-30T16:48:35.454Z","v":0}
{"name":"hexo","hostname":"AppledeMacBook-Pro.local","pid":1537,"level":20,"msg":"Generator: \u001b[35marchive\u001b[39m","time":"2016-09-30T16:48:35.454Z","v":0}
{"name":"hexo","hostname":"AppledeMacBook-Pro.local","pid":1537,"level":20,"msg":"Generator: \u001b[35mcategory\u001b[39m","time":"2016-09-30T16:48:35.454Z","v":0}
{"name":"hexo","hostname":"AppledeMacBook-Pro.local","pid":1537,"level":20,"msg":"Generator: \u001b[35mtag\u001b[39m","time":"2016-09-30T16:48:35.454Z","v":0}
{"name":"hexo","hostname":"AppledeMacBook-Pro.local","pid":1537,"level":20,"msg":"Generator: \u001b[35mindex\u001b[39m","time":"2016-09-30T16:48:35.454Z","v":0}
{"name":"hexo","hostname":"AppledeMacBook-Pro.local","pid":1537,"level":20,"msg":"Generator: \u001b[35masset\u001b[39m","time":"2016-09-30T16:48:35.454Z","v":0}
{"name":"hexo","hostname":"AppledeMacBook-Pro.local","pid":1537,"level":20,"msg":"Processed: \u001b[35mlanguages/zh-Hans.yml\u001b[39m","time":"2016-09-30T16:48:35.515Z","v":0}
{"name":"hexo","hostname":"AppledeMacBook-Pro.local","pid":1537,"level":20,"msg":"Generator: \u001b[35mpage\u001b[39m","time":"2016-09-30T16:48:35.623Z","v":0}
{"name":"hexo","hostname":"AppledeMacBook-Pro.local","pid":1537,"level":20,"msg":"Generator: \u001b[35mpost\u001b[39m","time":"2016-09-30T16:48:35.623Z","v":0}
{"name":"hexo","hostname":"AppledeMacBook-Pro.local","pid":1537,"level":20,"msg":"Generator: \u001b[35marchive\u001b[39m","time":"2016-09-30T16:48:35.623Z","v":0}
{"name":"hexo","hostname":"AppledeMacBook-Pro.local","pid":1537,"level":20,"msg":"Generator: \u001b[35mcategory\u001b[39m","time":"2016-09-30T16:48:35.623Z","v":0}
{"name":"hexo","hostname":"AppledeMacBook-Pro.local","pid":1537,"level":20,"msg":"Generator: \u001b[35mtag\u001b[39m","time":"2016-09-30T16:48:35.623Z","v":0}
{"name":"hexo","hostname":"AppledeMacBook-Pro.local","pid":1537,"level":20,"msg":"Generator: \u001b[35mindex\u001b[39m","time":"2016-09-30T16:48:35.623Z","v":0}
{"name":"hexo","hostname":"AppledeMacBook-Pro.local","pid":1537,"level":20,"msg":"Generator: \u001b[35masset\u001b[39m","time":"2016-09-30T16:48:35.625Z","v":0}
{"name":"hexo","hostname":"AppledeMacBook-Pro.local","pid":1537,"level":20,"msg":"Rendering index: \u001b[35mindex.html\u001b[39m","time":"2016-09-30T16:48:38.405Z","v":0}
{"name":"hexo","hostname":"AppledeMacBook-Pro.local","pid":1537,"level":20,"msg":"Rendering index: \u001b[35mindex.html\u001b[39m","time":"2016-09-30T16:48:45.139Z","v":0}
{"name":"hexo","hostname":"AppledeMacBook-Pro.local","pid":1537,"level":20,"msg":"Rendering archive: \u001b[35marchives/index.html\u001b[39m","time":"2016-09-30T16:48:55.796Z","v":0}
